Starting Vivado...

****** Vivado v2020.1 (64-bit)
  **** SW Build 2902540 on Wed May 27 19:54:49 MDT 2020
  **** IP Build 2902112 on Wed May 27 22:43:36 MDT 2020
    ** Copyright 1986-2020 Xilinx, Inc. All Rights Reserved.

source {C:\Users\23945\Documents\AlchitryProjects\MiniHardwareProject\work\project.tcl}
# set projDir "C:/Users/23945/Documents/AlchitryProjects/MiniHardwareProject/work/vivado"
# set projName "MiniHardwareProject"
# set topName top
# set device xc7a35tftg256-1
# if {[file exists "$projDir/$projName"]} { file delete -force "$projDir/$projName" }
# create_project $projName "$projDir/$projName" -part $device
INFO: [ProjectBase 1-489] The host OS only allows 260 characters in a normal path. The project is stored in a path with more than 80 characters. If you experience issues with IP, Block Designs, or files not being found, please consider moving the project to a location with a shorter path. Alternately consider using the OS subst command to map part of the path to a drive letter.
Current project path is 'C:/Users/23945/Documents/AlchitryProjects/MiniHardwareProject/work/vivado/MiniHardwareProject'
# set_property design_mode RTL [get_filesets sources_1]
# set verilogSources [list "C:/Users/23945/Documents/AlchitryProjects/MiniHardwareProject/work/verilog/au_top_0.v" "C:/Users/23945/Documents/AlchitryProjects/MiniHardwareProject/work/verilog/incrementer_1.v" "C:/Users/23945/Documents/AlchitryProjects/MiniHardwareProject/work/verilog/reset_conditioner_2.v" "C:/Users/23945/Documents/AlchitryProjects/MiniHardwareProject/work/verilog/three_bits_adder_3.v" "C:/Users/23945/Documents/AlchitryProjects/MiniHardwareProject/work/verilog/counter_4.v" "C:/Users/23945/Documents/AlchitryProjects/MiniHardwareProject/work/verilog/edge_detector_5.v" "C:/Users/23945/Documents/AlchitryProjects/MiniHardwareProject/work/verilog/full_adder_6.v" "C:/Users/23945/Documents/AlchitryProjects/MiniHardwareProject/work/verilog/button_conditioner_7.v" "C:/Users/23945/Documents/AlchitryProjects/MiniHardwareProject/work/verilog/pipeline_8.v" ]
# import_files -fileset [get_filesets sources_1] -force -norecurse $verilogSources
# set xdcSources [list "C:/Users/23945/Documents/AlchitryProjects/MiniHardwareProject/constraint/avoid_error.xdc" "C:/Users/23945/Documents/AlchitryProjects/MiniHardwareProject/work/constraint/custom.xdc" ]
# read_xdc $xdcSources
# set_property STEPS.WRITE_BITSTREAM.ARGS.BIN_FILE true [get_runs impl_1]
# update_compile_order -fileset sources_1
# launch_runs -runs synth_1 -jobs 8

[Tue Oct  6 08:11:30 2020] Launched synth_1...
Run output will be captured here: C:/Users/23945/Documents/AlchitryProjects/MiniHardwareProject/work/vivado/MiniHardwareProject/MiniHardwareProject.runs/synth_1/runme.log
# wait_on_run synth_1
[Tue Oct  6 08:11:30 2020] Waiting for synth_1 to finish...

*** Running vivado
    with args -log au_top_0.vds -m64 -product Vivado -mode batch -messageDb vivado.pb -notrace -source au_top_0.tcl



****** Vivado v2020.1 (64-bit)
  **** SW Build 2902540 on Wed May 27 19:54:49 MDT 2020
  **** IP Build 2902112 on Wed May 27 22:43:36 MDT 2020
    ** Copyright 1986-2020 Xilinx, Inc. All Rights Reserved.

source au_top_0.tcl -notrace
Command: synth_design -top au_top_0 -part xc7a35tftg256-1
Starting synth_design
Attempting to get a license for feature 'Synthesis' and/or device 'xc7a35t'
INFO: [Common 17-349] Got license for feature 'Synthesis' and/or device 'xc7a35t'
INFO: [Device 21-403] Loading part xc7a35tftg256-1
INFO: [Synth 8-7079] Multithreading enabled for synth_design using a maximum of 2 processes.
INFO: [Synth 8-7078] Launching helper process for spawning children vivado processes
INFO: [Synth 8-7075] Helper process launched with PID 6628
---------------------------------------------------------------------------------
Starting RTL Elaboration : Time (s): cpu = 00:00:04 ; elapsed = 00:00:04 . Memory (MB): peak = 1012.793 ; gain = 0.000
---------------------------------------------------------------------------------
INFO: [Synth 8-6157] synthesizing module 'au_top_0' [C:/Users/23945/Documents/AlchitryProjects/MiniHardwareProject/work/vivado/MiniHardwareProject/MiniHardwareProject.srcs/sources_1/imports/verilog/au_top_0.v:7]
INFO: [Synth 8-6157] synthesizing module 'incrementer_1' [C:/Users/23945/Documents/AlchitryProjects/MiniHardwareProject/work/vivado/MiniHardwareProject/MiniHardwareProject.srcs/sources_1/imports/verilog/incrementer_1.v:7]
INFO: [Synth 8-6157] synthesizing module 'button_conditioner_7' [C:/Users/23945/Documents/AlchitryProjects/MiniHardwareProject/work/vivado/MiniHardwareProject/MiniHardwareProject.srcs/sources_1/imports/verilog/button_conditioner_7.v:13]
	Parameter CLK_FREQ bound to: 26'b10111110101111000010000000 
	Parameter MIN_DELAY bound to: 5'b10100 
	Parameter NUM_SYNC bound to: 2'b10 
INFO: [Synth 8-6157] synthesizing module 'pipeline_8' [C:/Users/23945/Documents/AlchitryProjects/MiniHardwareProject/work/vivado/MiniHardwareProject/MiniHardwareProject.srcs/sources_1/imports/verilog/pipeline_8.v:11]
	Parameter DEPTH bound to: 2'b10 
INFO: [Synth 8-6155] done synthesizing module 'pipeline_8' (1#1) [C:/Users/23945/Documents/AlchitryProjects/MiniHardwareProject/work/vivado/MiniHardwareProject/MiniHardwareProject.srcs/sources_1/imports/verilog/pipeline_8.v:11]
INFO: [Synth 8-6155] done synthesizing module 'button_conditioner_7' (2#1) [C:/Users/23945/Documents/AlchitryProjects/MiniHardwareProject/work/vivado/MiniHardwareProject/MiniHardwareProject.srcs/sources_1/imports/verilog/button_conditioner_7.v:13]
INFO: [Synth 8-6157] synthesizing module 'three_bits_adder_3' [C:/Users/23945/Documents/AlchitryProjects/MiniHardwareProject/work/vivado/MiniHardwareProject/MiniHardwareProject.srcs/sources_1/imports/verilog/three_bits_adder_3.v:7]
INFO: [Synth 8-6157] synthesizing module 'full_adder_6' [C:/Users/23945/Documents/AlchitryProjects/MiniHardwareProject/work/vivado/MiniHardwareProject/MiniHardwareProject.srcs/sources_1/imports/verilog/full_adder_6.v:7]
INFO: [Synth 8-6155] done synthesizing module 'full_adder_6' (3#1) [C:/Users/23945/Documents/AlchitryProjects/MiniHardwareProject/work/vivado/MiniHardwareProject/MiniHardwareProject.srcs/sources_1/imports/verilog/full_adder_6.v:7]
INFO: [Synth 8-6155] done synthesizing module 'three_bits_adder_3' (4#1) [C:/Users/23945/Documents/AlchitryProjects/MiniHardwareProject/work/vivado/MiniHardwareProject/MiniHardwareProject.srcs/sources_1/imports/verilog/three_bits_adder_3.v:7]
INFO: [Synth 8-6157] synthesizing module 'counter_4' [C:/Users/23945/Documents/AlchitryProjects/MiniHardwareProject/work/vivado/MiniHardwareProject/MiniHardwareProject.srcs/sources_1/imports/verilog/counter_4.v:14]
	Parameter SIZE bound to: 1'b1 
	Parameter DIV bound to: 5'b11010 
	Parameter TOP bound to: 1'b0 
	Parameter UP bound to: 1'b1 
	Parameter MAX_VALUE bound to: 27'b011111111111111111111111111 
INFO: [Synth 8-6155] done synthesizing module 'counter_4' (5#1) [C:/Users/23945/Documents/AlchitryProjects/MiniHardwareProject/work/vivado/MiniHardwareProject/MiniHardwareProject.srcs/sources_1/imports/verilog/counter_4.v:14]
INFO: [Synth 8-6157] synthesizing module 'edge_detector_5' [C:/Users/23945/Documents/AlchitryProjects/MiniHardwareProject/work/vivado/MiniHardwareProject/MiniHardwareProject.srcs/sources_1/imports/verilog/edge_detector_5.v:12]
	Parameter RISE bound to: 1'b1 
	Parameter FALL bound to: 1'b0 
INFO: [Synth 8-6155] done synthesizing module 'edge_detector_5' (6#1) [C:/Users/23945/Documents/AlchitryProjects/MiniHardwareProject/work/vivado/MiniHardwareProject/MiniHardwareProject.srcs/sources_1/imports/verilog/edge_detector_5.v:12]
INFO: [Synth 8-6155] done synthesizing module 'incrementer_1' (7#1) [C:/Users/23945/Documents/AlchitryProjects/MiniHardwareProject/work/vivado/MiniHardwareProject/MiniHardwareProject.srcs/sources_1/imports/verilog/incrementer_1.v:7]
INFO: [Synth 8-6157] synthesizing module 'reset_conditioner_2' [C:/Users/23945/Documents/AlchitryProjects/MiniHardwareProject/work/vivado/MiniHardwareProject/MiniHardwareProject.srcs/sources_1/imports/verilog/reset_conditioner_2.v:11]
	Parameter STAGES bound to: 3'b100 
INFO: [Synth 8-6155] done synthesizing module 'reset_conditioner_2' (8#1) [C:/Users/23945/Documents/AlchitryProjects/MiniHardwareProject/work/vivado/MiniHardwareProject/MiniHardwareProject.srcs/sources_1/imports/verilog/reset_conditioner_2.v:11]
INFO: [Synth 8-6155] done synthesizing module 'au_top_0' (9#1) [C:/Users/23945/Documents/AlchitryProjects/MiniHardwareProject/work/vivado/MiniHardwareProject/MiniHardwareProject.srcs/sources_1/imports/verilog/au_top_0.v:7]
---------------------------------------------------------------------------------
Finished RTL Elaboration : Time (s): cpu = 00:00:05 ; elapsed = 00:00:05 . Memory (MB): peak = 1012.793 ; gain = 0.000
---------------------------------------------------------------------------------
---------------------------------------------------------------------------------
Start Handling Custom Attributes
---------------------------------------------------------------------------------
---------------------------------------------------------------------------------
Finished Handling Custom Attributes : Time (s): cpu = 00:00:05 ; elapsed = 00:00:06 . Memory (MB): peak = 1012.793 ; gain = 0.000
---------------------------------------------------------------------------------
---------------------------------------------------------------------------------
Finished RTL Optimization Phase 1 : Time (s): cpu = 00:00:05 ; elapsed = 00:00:06 . Memory (MB): peak = 1012.793 ; gain = 0.000
---------------------------------------------------------------------------------
Netlist sorting complete. Time (s): cpu = 00:00:00 ; elapsed = 00:00:00.001 . Memory (MB): peak = 1012.793 ; gain = 0.000
INFO: [Project 1-570] Preparing netlist for logic optimization

Processing XDC Constraints
Initializing timing engine
Parsing XDC File [C:/Users/23945/Documents/AlchitryProjects/MiniHardwareProject/constraint/avoid_error.xdc]
Finished Parsing XDC File [C:/Users/23945/Documents/AlchitryProjects/MiniHardwareProject/constraint/avoid_error.xdc]
INFO: [Project 1-236] Implementation specific constraints were found while reading constraint file [C:/Users/23945/Documents/AlchitryProjects/MiniHardwareProject/constraint/avoid_error.xdc]. These constraints will be ignored for synthesis but will be used in implementation. Impacted constraints are listed in the file [.Xil/au_top_0_propImpl.xdc].
Resolution: To avoid this warning, move constraints listed in [.Xil/au_top_0_propImpl.xdc] to another XDC file and exclude this new file from synthesis with the used_in_synthesis property (File Properties dialog in GUI) and re-run elaboration/synthesis.
Parsing XDC File [C:/Users/23945/Documents/AlchitryProjects/MiniHardwareProject/work/constraint/custom.xdc]
Finished Parsing XDC File [C:/Users/23945/Documents/AlchitryProjects/MiniHardwareProject/work/constraint/custom.xdc]
INFO: [Project 1-236] Implementation specific constraints were found while reading constraint file [C:/Users/23945/Documents/AlchitryProjects/MiniHardwareProject/work/constraint/custom.xdc]. These constraints will be ignored for synthesis but will be used in implementation. Impacted constraints are listed in the file [.Xil/au_top_0_propImpl.xdc].
Resolution: To avoid this warning, move constraints listed in [.Xil/au_top_0_propImpl.xdc] to another XDC file and exclude this new file from synthesis with the used_in_synthesis property (File Properties dialog in GUI) and re-run elaboration/synthesis.
Completed Processing XDC Constraints

Netlist sorting complete. Time (s): cpu = 00:00:00 ; elapsed = 00:00:00 . Memory (MB): peak = 1012.793 ; gain = 0.000
INFO: [Project 1-111] Unisim Transformation Summary:
No Unisim elements were transformed.

Constraint Validation Runtime : Time (s): cpu = 00:00:00 ; elapsed = 00:00:00.007 . Memory (MB): peak = 1012.793 ; gain = 0.000
---------------------------------------------------------------------------------
Finished Constraint Validation : Time (s): cpu = 00:00:11 ; elapsed = 00:00:12 . Memory (MB): peak = 1012.793 ; gain = 0.000
---------------------------------------------------------------------------------
---------------------------------------------------------------------------------
Start Loading Part and Timing Information
---------------------------------------------------------------------------------
Loading part: xc7a35tftg256-1
---------------------------------------------------------------------------------
Finished Loading Part and Timing Information : Time (s): cpu = 00:00:11 ; elapsed = 00:00:12 . Memory (MB): peak = 1012.793 ; gain = 0.000
---------------------------------------------------------------------------------
---------------------------------------------------------------------------------
Start Applying 'set_property' XDC Constraints
---------------------------------------------------------------------------------
---------------------------------------------------------------------------------
Finished applying 'set_property' XDC Constraints : Time (s): cpu = 00:00:12 ; elapsed = 00:00:12 . Memory (MB): peak = 1012.793 ; gain = 0.000
---------------------------------------------------------------------------------
---------------------------------------------------------------------------------
Finished RTL Optimization Phase 2 : Time (s): cpu = 00:00:12 ; elapsed = 00:00:13 . Memory (MB): peak = 1012.793 ; gain = 0.000
---------------------------------------------------------------------------------
---------------------------------------------------------------------------------
Start RTL Component Statistics 
---------------------------------------------------------------------------------
Detailed RTL Component Info : 
+---XORs : 
	   3 Input      1 Bit         XORs := 4     
+---Registers : 
	                4 Bit    Registers := 1     
	                3 Bit    Registers := 2     
	                2 Bit    Registers := 3     
	                1 Bit    Registers := 2     
+---Muxes : 
	   2 Input    3 Bit        Muxes := 1     
	   2 Input    1 Bit        Muxes := 1     
---------------------------------------------------------------------------------
Finished RTL Component Statistics 
---------------------------------------------------------------------------------
---------------------------------------------------------------------------------
Start Part Resource Summary
---------------------------------------------------------------------------------
Part Resources:
DSPs: 90 (col length:60)
BRAMs: 100 (col length: RAMB18 60 RAMB36 30)
---------------------------------------------------------------------------------
Finished Part Resource Summary
---------------------------------------------------------------------------------
---------------------------------------------------------------------------------
Start Cross Boundary and Area Optimization
---------------------------------------------------------------------------------
---------------------------------------------------------------------------------
Finished Cross Boundary and Area Optimization : Time (s): cpu = 00:00:13 ; elapsed = 00:00:14 . Memory (MB): peak = 1012.793 ; gain = 0.000
---------------------------------------------------------------------------------
---------------------------------------------------------------------------------
Start Applying XDC Timing Constraints
---------------------------------------------------------------------------------
---------------------------------------------------------------------------------
Finished Applying XDC Timing Constraints : Time (s): cpu = 00:00:20 ; elapsed = 00:00:21 . Memory (MB): peak = 1012.793 ; gain = 0.000
---------------------------------------------------------------------------------
---------------------------------------------------------------------------------
Start Timing Optimization
---------------------------------------------------------------------------------
---------------------------------------------------------------------------------
Finished Timing Optimization : Time (s): cpu = 00:00:20 ; elapsed = 00:00:21 . Memory (MB): peak = 1012.793 ; gain = 0.000
---------------------------------------------------------------------------------
---------------------------------------------------------------------------------
Start Technology Mapping
---------------------------------------------------------------------------------
---------------------------------------------------------------------------------
Finished Technology Mapping : Time (s): cpu = 00:00:20 ; elapsed = 00:00:21 . Memory (MB): peak = 1012.793 ; gain = 0.000
---------------------------------------------------------------------------------
---------------------------------------------------------------------------------
Start IO Insertion
---------------------------------------------------------------------------------
---------------------------------------------------------------------------------
Start Flattening Before IO Insertion
---------------------------------------------------------------------------------
---------------------------------------------------------------------------------
Finished Flattening Before IO Insertion
---------------------------------------------------------------------------------
---------------------------------------------------------------------------------
Start Final Netlist Cleanup
---------------------------------------------------------------------------------
---------------------------------------------------------------------------------
Finished Final Netlist Cleanup
---------------------------------------------------------------------------------
---------------------------------------------------------------------------------
Finished IO Insertion : Time (s): cpu = 00:00:24 ; elapsed = 00:00:25 . Memory (MB): peak = 1012.793 ; gain = 0.000
---------------------------------------------------------------------------------
---------------------------------------------------------------------------------
Start Renaming Generated Instances
---------------------------------------------------------------------------------
---------------------------------------------------------------------------------
Finished Renaming Generated Instances : Time (s): cpu = 00:00:24 ; elapsed = 00:00:25 . Memory (MB): peak = 1012.793 ; gain = 0.000
---------------------------------------------------------------------------------
---------------------------------------------------------------------------------
Start Rebuilding User Hierarchy
---------------------------------------------------------------------------------
---------------------------------------------------------------------------------
Finished Rebuilding User Hierarchy : Time (s): cpu = 00:00:24 ; elapsed = 00:00:25 . Memory (MB): peak = 1012.793 ; gain = 0.000
---------------------------------------------------------------------------------
---------------------------------------------------------------------------------
Start Renaming Generated Ports
---------------------------------------------------------------------------------
---------------------------------------------------------------------------------
Finished Renaming Generated Ports : Time (s): cpu = 00:00:24 ; elapsed = 00:00:25 . Memory (MB): peak = 1012.793 ; gain = 0.000
---------------------------------------------------------------------------------
---------------------------------------------------------------------------------
Start Handling Custom Attributes
---------------------------------------------------------------------------------
---------------------------------------------------------------------------------
Finished Handling Custom Attributes : Time (s): cpu = 00:00:24 ; elapsed = 00:00:25 . Memory (MB): peak = 1012.793 ; gain = 0.000
---------------------------------------------------------------------------------
---------------------------------------------------------------------------------
Start Renaming Generated Nets
---------------------------------------------------------------------------------
---------------------------------------------------------------------------------
Finished Renaming Generated Nets : Time (s): cpu = 00:00:24 ; elapsed = 00:00:25 . Memory (MB): peak = 1012.793 ; gain = 0.000
---------------------------------------------------------------------------------
---------------------------------------------------------------------------------
Start Writing Synthesis Report
---------------------------------------------------------------------------------

Report BlackBoxes: 
+-+--------------+----------+
| |BlackBox name |Instances |
+-+--------------+----------+
+-+--------------+----------+

Report Cell Usage: 
+------+-------+------+
|      |Cell   |Count |
+------+-------+------+
|1     |BUFG   |     1|
|2     |CARRY4 |    22|
|3     |LUT1   |     7|
|4     |LUT2   |     4|
|5     |LUT3   |     4|
|6     |LUT4   |     1|
|7     |LUT5   |     5|
|8     |LUT6   |    24|
|9     |FDRE   |   100|
|10    |FDSE   |     1|
|11    |IBUF   |     9|
|12    |OBUF   |    48|
+------+-------+------+
---------------------------------------------------------------------------------
Finished Writing Synthesis Report : Time (s): cpu = 00:00:24 ; elapsed = 00:00:25 . Memory (MB): peak = 1012.793 ; gain = 0.000
---------------------------------------------------------------------------------
Synthesis finished with 0 errors, 0 critical warnings and 0 warnings.
Synthesis Optimization Runtime : Time (s): cpu = 00:00:16 ; elapsed = 00:00:22 . Memory (MB): peak = 1012.793 ; gain = 0.000
Synthesis Optimization Complete : Time (s): cpu = 00:00:24 ; elapsed = 00:00:25 . Memory (MB): peak = 1012.793 ; gain = 0.000
INFO: [Project 1-571] Translating synthesized netlist
Netlist sorting complete. Time (s): cpu = 00:00:00 ; elapsed = 00:00:00.003 . Memory (MB): peak = 1012.793 ; gain = 0.000
INFO: [Netlist 29-17] Analyzing 22 Unisim elements for replacement
INFO: [Netlist 29-28] Unisim Transformation completed in 0 CPU seconds
INFO: [Project 1-570] Preparing netlist for logic optimization
INFO: [Opt 31-138] Pushed 0 inverter(s) to 0 load pin(s).
Netlist sorting complete. Time (s): cpu = 00:00:00 ; elapsed = 00:00:00.001 . Memory (MB): peak = 1012.793 ; gain = 0.000
INFO: [Project 1-111] Unisim Transformation Summary:
No Unisim elements were transformed.

INFO: [Common 17-83] Releasing license: Synthesis
34 Infos, 0 Warnings, 0 Critical Warnings and 0 Errors encountered.
synth_design completed successfully
synth_design: Time (s): cpu = 00:00:29 ; elapsed = 00:00:36 . Memory (MB): peak = 1012.793 ; gain = 0.000
INFO: [Common 17-1381] The checkpoint 'C:/Users/23945/Documents/AlchitryProjects/MiniHardwareProject/work/vivado/MiniHardwareProject/MiniHardwareProject.runs/synth_1/au_top_0.dcp' has been generated.
INFO: [runtcl-4] Executing : report_utilization -file au_top_0_utilization_synth.rpt -pb au_top_0_utilization_synth.pb
INFO: [Common 17-206] Exiting Vivado at Tue Oct  6 08:12:10 2020...
[Tue Oct  6 08:12:15 2020] synth_1 finished
wait_on_run: Time (s): cpu = 00:00:00 ; elapsed = 00:00:45 . Memory (MB): peak = 1012.836 ; gain = 0.000
# launch_runs impl_1 -to_step write_bitstream -jobs 8
[Tue Oct  6 08:12:15 2020] Launched impl_1...
Run output will be captured here: C:/Users/23945/Documents/AlchitryProjects/MiniHardwareProject/work/vivado/MiniHardwareProject/MiniHardwareProject.runs/impl_1/runme.log
# wait_on_run impl_1
[Tue Oct  6 08:12:15 2020] Waiting for impl_1 to finish...


*** Running vivado
    with args -log au_top_0.vdi -applog -m64 -product Vivado -messageDb vivado.pb -mode batch -source au_top_0.tcl -notrace



****** Vivado v2020.1 (64-bit)
  **** SW Build 2902540 on Wed May 27 19:54:49 MDT 2020
  **** IP Build 2902112 on Wed May 27 22:43:36 MDT 2020
    ** Copyright 1986-2020 Xilinx, Inc. All Rights Reserved.

source au_top_0.tcl -notrace
Command: link_design -top au_top_0 -part xc7a35tftg256-1
Design is defaulting to srcset: sources_1
Design is defaulting to constrset: constrs_1
INFO: [Device 21-403] Loading part xc7a35tftg256-1
Netlist sorting complete. Time (s): cpu = 00:00:00 ; elapsed = 00:00:00.002 . Memory (MB): peak = 1014.750 ; gain = 0.000
INFO: [Netlist 29-17] Analyzing 22 Unisim elements for replacement
INFO: [Netlist 29-28] Unisim Transformation completed in 0 CPU seconds
INFO: [Project 1-479] Netlist was created with Vivado 2020.1
INFO: [Project 1-570] Preparing netlist for logic optimization
Parsing XDC File [C:/Users/23945/Documents/AlchitryProjects/MiniHardwareProject/constraint/avoid_error.xdc]
Finished Parsing XDC File [C:/Users/23945/Documents/AlchitryProjects/MiniHardwareProject/constraint/avoid_error.xdc]
Parsing XDC File [C:/Users/23945/Documents/AlchitryProjects/MiniHardwareProject/work/constraint/custom.xdc]
CRITICAL WARNING: [Vivado 12-1411] Cannot set LOC property of ports, Terminal io_button[4] cannot be placed on P11 (IOB_X0Y21) because the pad is already occupied by terminal customout[0] possibly due to user constraint [C:/Users/23945/Documents/AlchitryProjects/MiniHardwareProject/work/constraint/custom.xdc:147]
Finished Parsing XDC File [C:/Users/23945/Documents/AlchitryProjects/MiniHardwareProject/work/constraint/custom.xdc]
INFO: [Opt 31-138] Pushed 0 inverter(s) to 0 load pin(s).
Netlist sorting complete. Time (s): cpu = 00:00:00 ; elapsed = 00:00:00 . Memory (MB): peak = 1014.750 ; gain = 0.000
INFO: [Project 1-111] Unisim Transformation Summary:
No Unisim elements were transformed.

7 Infos, 0 Warnings, 1 Critical Warnings and 0 Errors encountered.
link_design completed successfully
link_design: Time (s): cpu = 00:00:07 ; elapsed = 00:00:07 . Memory (MB): peak = 1014.750 ; gain = 0.000
Command: opt_design
Attempting to get a license for feature 'Implementation' and/or device 'xc7a35t'
INFO: [Common 17-349] Got license for feature 'Implementation' and/or device 'xc7a35t'
Running DRC as a precondition to command opt_design

Starting DRC Task
INFO: [DRC 23-27] Running DRC with 2 threads
INFO: [Project 1-461] DRC finished with 0 Errors
INFO: [Project 1-462] Please refer to the DRC report (report_drc) for more information.

Time (s): cpu = 00:00:01 ; elapsed = 00:00:00.938 . Memory (MB): peak = 1014.750 ; gain = 0.000

Starting Cache Timing Information Task
INFO: [Timing 38-35] Done setting XDC timing constraints.
Ending Cache Timing Information Task | Checksum: d558cae7

Time (s): cpu = 00:00:09 ; elapsed = 00:00:08 . Memory (MB): peak = 1238.320 ; gain = 223.570

Starting Logic Optimization Task

Phase 1 Retarget
INFO: [Opt 31-138] Pushed 0 inverter(s) to 0 load pin(s).
INFO: [Opt 31-49] Retargeted 0 cell(s).
Phase 1 Retarget | Checksum: d558cae7

Time (s): cpu = 00:00:00 ; elapsed = 00:00:00.041 . Memory (MB): peak = 1443.949 ; gain = 0.000
INFO: [Opt 31-389] Phase Retarget created 0 cells and removed 0 cells

Phase 2 Constant propagation
INFO: [Opt 31-138] Pushed 0 inverter(s) to 0 load pin(s).
Phase 2 Constant propagation | Checksum: d558cae7

Time (s): cpu = 00:00:00 ; elapsed = 00:00:00.050 . Memory (MB): peak = 1443.949 ; gain = 0.000
INFO: [Opt 31-389] Phase Constant propagation created 0 cells and removed 0 cells

Phase 3 Sweep
Phase 3 Sweep | Checksum: 143bb38e5

Time (s): cpu = 00:00:00 ; elapsed = 00:00:00.083 . Memory (MB): peak = 1443.949 ; gain = 0.000
INFO: [Opt 31-389] Phase Sweep created 0 cells and removed 0 cells

Phase 4 BUFG optimization
Phase 4 BUFG optimization | Checksum: 143bb38e5

Time (s): cpu = 00:00:00 ; elapsed = 00:00:00.098 . Memory (MB): peak = 1443.949 ; gain = 0.000
INFO: [Opt 31-662] Phase BUFG optimization created 0 cells of which 0 are BUFGs and removed 0 cells.

Phase 5 Shift Register Optimization
INFO: [Opt 31-1064] SRL Remap converted 0 SRLs to 0 registers and converted 0 registers of register chains to 0 SRLs
Phase 5 Shift Register Optimization | Checksum: 143bb38e5

Time (s): cpu = 00:00:00 ; elapsed = 00:00:00.106 . Memory (MB): peak = 1443.949 ; gain = 0.000
INFO: [Opt 31-389] Phase Shift Register Optimization created 0 cells and removed 0 cells

Phase 6 Post Processing Netlist
Phase 6 Post Processing Netlist | Checksum: 143bb38e5

Time (s): cpu = 00:00:00 ; elapsed = 00:00:00.112 . Memory (MB): peak = 1443.949 ; gain = 0.000
INFO: [Opt 31-389] Phase Post Processing Netlist created 0 cells and removed 0 cells
Opt_design Change Summary
=========================


-------------------------------------------------------------------------------------------------------------------------
|  Phase                        |  #Cells created  |  #Cells Removed  |  #Constrained objects preventing optimizations  |
-------------------------------------------------------------------------------------------------------------------------
|  Retarget                     |               0  |               0  |                                              0  |
|  Constant propagation         |               0  |               0  |                                              0  |
|  Sweep                        |               0  |               0  |                                              0  |
|  BUFG optimization            |               0  |               0  |                                              0  |
|  Shift Register Optimization  |               0  |               0  |                                              0  |
|  Post Processing Netlist      |               0  |               0  |                                              0  |
-------------------------------------------------------------------------------------------------------------------------



Starting Connectivity Check Task

Time (s): cpu = 00:00:00 ; elapsed = 00:00:00.001 . Memory (MB): peak = 1443.949 ; gain = 0.000
Ending Logic Optimization Task | Checksum: 3c56b68e

Time (s): cpu = 00:00:00 ; elapsed = 00:00:00.137 . Memory (MB): peak = 1443.949 ; gain = 0.000

Starting Power Optimization Task
INFO: [Pwropt 34-132] Skipping clock gating for clocks with a period < 2.00 ns.
Ending Power Optimization Task | Checksum: 3c56b68e

Time (s): cpu = 00:00:00 ; elapsed = 00:00:00.025 . Memory (MB): peak = 1443.949 ; gain = 0.000

Starting Final Cleanup Task
Ending Final Cleanup Task | Checksum: 3c56b68e

Time (s): cpu = 00:00:00 ; elapsed = 00:00:00 . Memory (MB): peak = 1443.949 ; gain = 0.000

Starting Netlist Obfuscation Task
Netlist sorting complete. Time (s): cpu = 00:00:00 ; elapsed = 00:00:00 . Memory (MB): peak = 1443.949 ; gain = 0.000
Ending Netlist Obfuscation Task | Checksum: 3c56b68e

Time (s): cpu = 00:00:00 ; elapsed = 00:00:00.001 . Memory (MB): peak = 1443.949 ; gain = 0.000
INFO: [Common 17-83] Releasing license: Implementation
24 Infos, 0 Warnings, 1 Critical Warnings and 0 Errors encountered.
opt_design completed successfully
opt_design: Time (s): cpu = 00:00:12 ; elapsed = 00:00:12 . Memory (MB): peak = 1443.949 ; gain = 429.199
INFO: [Timing 38-480] Writing timing data to binary archive.
Writing placer database...
Writing XDEF routing.
Writing XDEF routing logical nets.
Writing XDEF routing special nets.
Write XDEF Complete: Time (s): cpu = 00:00:00 ; elapsed = 00:00:00.055 . Memory (MB): peak = 1443.949 ; gain = 0.000
INFO: [Common 17-1381] The checkpoint 'C:/Users/23945/Documents/AlchitryProjects/MiniHardwareProject/work/vivado/MiniHardwareProject/MiniHardwareProject.runs/impl_1/au_top_0_opt.dcp' has been generated.
INFO: [runtcl-4] Executing : report_drc -file au_top_0_drc_opted.rpt -pb au_top_0_drc_opted.pb -rpx au_top_0_drc_opted.rpx
Command: report_drc -file au_top_0_drc_opted.rpt -pb au_top_0_drc_opted.pb -rpx au_top_0_drc_opted.rpx
INFO: [IP_Flow 19-234] Refreshing IP repositories
INFO: [IP_Flow 19-1704] No user IP repositories specified
INFO: [IP_Flow 19-2313] Loaded Vivado IP repository 'C:/Xilinx/Vivado/2020.1/data/ip'.
INFO: [DRC 23-27] Running DRC with 2 threads
INFO: [Coretcl 2-168] The results of DRC are in file C:/Users/23945/Documents/AlchitryProjects/MiniHardwareProject/work/vivado/MiniHardwareProject/MiniHardwareProject.runs/impl_1/au_top_0_drc_opted.rpt.
report_drc completed successfully
Command: place_design
Attempting to get a license for feature 'Implementation' and/or device 'xc7a35t'
INFO: [Common 17-349] Got license for feature 'Implementation' and/or device 'xc7a35t'
INFO: [DRC 23-27] Running DRC with 2 threads
INFO: [Vivado_Tcl 4-198] DRC finished with 0 Errors
INFO: [Vivado_Tcl 4-199] Please refer to the DRC report (report_drc) for more information.
Running DRC as a precondition to command place_design
INFO: [DRC 23-27] Running DRC with 2 threads
INFO: [Vivado_Tcl 4-198] DRC finished with 0 Errors
INFO: [Vivado_Tcl 4-199] Please refer to the DRC report (report_drc) for more information.

Starting Placer Task
INFO: [Place 30-611] Multithreading enabled for place_design using a maximum of 2 CPUs

Phase 1 Placer Initialization

Phase 1.1 Placer Initialization Netlist Sorting
Netlist sorting complete. Time (s): cpu = 00:00:00 ; elapsed = 00:00:00.001 . Memory (MB): peak = 1443.949 ; gain = 0.000
Phase 1.1 Placer Initialization Netlist Sorting | Checksum: 38fa3a37

Time (s): cpu = 00:00:00 ; elapsed = 00:00:00.013 . Memory (MB): peak = 1443.949 ; gain = 0.000
Netlist sorting complete. Time (s): cpu = 00:00:00 ; elapsed = 00:00:00 . Memory (MB): peak = 1443.949 ; gain = 0.000

Phase 1.2 IO Placement/ Clock Placement/ Build Placer Device
WARNING: [Place 30-87] Partially locked IO Bus is found. Following components of the IO Bus io_button are not locked:  'io_button[4]' 
INFO: [Timing 38-35] Done setting XDC timing constraints.
Phase 1.2 IO Placement/ Clock Placement/ Build Placer Device | Checksum: 1b3ba0bc5

Time (s): cpu = 00:00:01 ; elapsed = 00:00:00.670 . Memory (MB): peak = 1443.949 ; gain = 0.000

Phase 1.3 Build Placer Netlist Model
Phase 1.3 Build Placer Netlist Model | Checksum: 285bf40c7

Time (s): cpu = 00:00:01 ; elapsed = 00:00:00.798 . Memory (MB): peak = 1443.949 ; gain = 0.000

Phase 1.4 Constrain Clocks/Macros
Phase 1.4 Constrain Clocks/Macros | Checksum: 285bf40c7

Time (s): cpu = 00:00:01 ; elapsed = 00:00:00.801 . Memory (MB): peak = 1443.949 ; gain = 0.000
Phase 1 Placer Initialization | Checksum: 285bf40c7

Time (s): cpu = 00:00:01 ; elapsed = 00:00:00.808 . Memory (MB): peak = 1443.949 ; gain = 0.000

Phase 2 Global Placement

Phase 2.1 Floorplanning
Phase 2.1 Floorplanning | Checksum: 292c03087

Time (s): cpu = 00:00:01 ; elapsed = 00:00:00.869 . Memory (MB): peak = 1443.949 ; gain = 0.000

Phase 2.2 Global Placement Core

Phase 2.2.1 Physical Synthesis In Placer
INFO: [Physopt 32-1044] Break lutnm for timing: one critical 0, two critical 0, total 0, new lutff created 0
INFO: [Physopt 32-775] End 1 Pass. Optimized 0 net or cell. Created 0 new cell, deleted 0 existing cell and moved 0 existing cell
INFO: [Physopt 32-65] No nets found for high-fanout optimization.
INFO: [Physopt 32-232] Optimized 0 net. Created 0 new instance.
INFO: [Physopt 32-775] End 1 Pass. Optimized 0 net or cell. Created 0 new cell, deleted 0 existing cell and moved 0 existing cell
INFO: [Physopt 32-670] No setup violation found.  DSP Register Optimization was not performed.
INFO: [Physopt 32-670] No setup violation found.  Shift Register to Pipeline Optimization was not performed.
INFO: [Physopt 32-670] No setup violation found.  Shift Register Optimization was not performed.
INFO: [Physopt 32-670] No setup violation found.  BRAM Register Optimization was not performed.
INFO: [Physopt 32-670] No setup violation found.  URAM Register Optimization was not performed.
INFO: [Physopt 32-949] No candidate nets found for HD net replication
INFO: [Physopt 32-775] End 1 Pass. Optimized 0 net or cell. Created 0 new cell, deleted 0 existing cell and moved 0 existing cell
Netlist sorting complete. Time (s): cpu = 00:00:00 ; elapsed = 00:00:00 . Memory (MB): peak = 1443.949 ; gain = 0.000

Summary of Physical Synthesis Optimizations
============================================


-----------------------------------------------------------------------------------------------------------------------------------------------------------
|  Optimization                                     |  Added Cells  |  Removed Cells  |  Optimized Cells/Nets  |  Dont Touch  |  Iterations  |  Elapsed   |
-----------------------------------------------------------------------------------------------------------------------------------------------------------
|  LUT Combining                                    |            0  |              0  |                     0  |           0  |           1  |  00:00:00  |
|  Very High Fanout                                 |            0  |              0  |                     0  |           0  |           1  |  00:00:00  |
|  DSP Register                                     |            0  |              0  |                     0  |           0  |           0  |  00:00:00  |
|  Shift Register to Pipeline                       |            0  |              0  |                     0  |           0  |           0  |  00:00:00  |
|  Shift Register                                   |            0  |              0  |                     0  |           0  |           0  |  00:00:00  |
|  BRAM Register                                    |            0  |              0  |                     0  |           0  |           0  |  00:00:00  |
|  URAM Register                                    |            0  |              0  |                     0  |           0  |           0  |  00:00:00  |
|  Dynamic/Static Region Interface Net Replication  |            0  |              0  |                     0  |           0  |           1  |  00:00:00  |
|  Total                                            |            0  |              0  |                     0  |           0  |           3  |  00:00:00  |
-----------------------------------------------------------------------------------------------------------------------------------------------------------


Phase 2.2.1 Physical Synthesis In Placer | Checksum: 2638b93e6

Time (s): cpu = 00:00:02 ; elapsed = 00:00:01 . Memory (MB): peak = 1443.949 ; gain = 0.000
Phase 2.2 Global Placement Core | Checksum: 1fcabce15

Time (s): cpu = 00:00:02 ; elapsed = 00:00:01 . Memory (MB): peak = 1443.949 ; gain = 0.000
Phase 2 Global Placement | Checksum: 1fcabce15

Time (s): cpu = 00:00:02 ; elapsed = 00:00:01 . Memory (MB): peak = 1443.949 ; gain = 0.000

Phase 3 Detail Placement

Phase 3.1 Commit Multi Column Macros
Phase 3.1 Commit Multi Column Macros | Checksum: 217445bde

Time (s): cpu = 00:00:02 ; elapsed = 00:00:01 . Memory (MB): peak = 1443.949 ; gain = 0.000

Phase 3.2 Commit Most Macros & LUTRAMs
Phase 3.2 Commit Most Macros & LUTRAMs | Checksum: 2292c2484

Time (s): cpu = 00:00:02 ; elapsed = 00:00:02 . Memory (MB): peak = 1443.949 ; gain = 0.000

Phase 3.3 Area Swap Optimization
Phase 3.3 Area Swap Optimization | Checksum: 1c8263e93

Time (s): cpu = 00:00:02 ; elapsed = 00:00:02 . Memory (MB): peak = 1443.949 ; gain = 0.000

Phase 3.4 Pipeline Register Optimization
Phase 3.4 Pipeline Register Optimization | Checksum: 2213fc365

Time (s): cpu = 00:00:02 ; elapsed = 00:00:02 . Memory (MB): peak = 1443.949 ; gain = 0.000

Phase 3.5 Small Shape Detail Placement
Phase 3.5 Small Shape Detail Placement | Checksum: 2258a7f30

Time (s): cpu = 00:00:03 ; elapsed = 00:00:02 . Memory (MB): peak = 1443.949 ; gain = 0.000

Phase 3.6 Re-assign LUT pins
Phase 3.6 Re-assign LUT pins | Checksum: 2670d3979

Time (s): cpu = 00:00:03 ; elapsed = 00:00:02 . Memory (MB): peak = 1443.949 ; gain = 0.000

Phase 3.7 Pipeline Register Optimization
Phase 3.7 Pipeline Register Optimization | Checksum: 207b5b52b

Time (s): cpu = 00:00:03 ; elapsed = 00:00:02 . Memory (MB): peak = 1443.949 ; gain = 0.000
Phase 3 Detail Placement | Checksum: 207b5b52b

Time (s): cpu = 00:00:03 ; elapsed = 00:00:02 . Memory (MB): peak = 1443.949 ; gain = 0.000

Phase 4 Post Placement Optimization and Clean-Up

Phase 4.1 Post Commit Optimization
INFO: [Timing 38-35] Done setting XDC timing constraints.

Phase 4.1.1 Post Placement Optimization
Post Placement Optimization Initialization | Checksum: 136db1805

Phase 4.1.1.1 BUFG Insertion

Starting Physical Synthesis Task

Phase 1 Physical Synthesis Initialization
INFO: [Physopt 32-721] Multithreading enabled for phys_opt_design using a maximum of 2 CPUs
INFO: [Physopt 32-619] Estimated Timing Summary | WNS=5.966 | TNS=0.000 |
Phase 1 Physical Synthesis Initialization | Checksum: 8f9aeee7

Time (s): cpu = 00:00:00 ; elapsed = 00:00:00.017 . Memory (MB): peak = 1450.117 ; gain = 0.000
INFO: [Place 46-56] BUFG insertion identified 0 candidate nets. Inserted BUFG: 0, Replicated BUFG Driver: 0, Skipped due to Placement/Routing Conflicts: 0, Skipped due to Timing Degradation: 0, Skipped due to Illegal Netlist: 0.
Ending Physical Synthesis Task | Checksum: fee6f80a

Time (s): cpu = 00:00:00 ; elapsed = 00:00:00.018 . Memory (MB): peak = 1450.117 ; gain = 0.000
Phase 4.1.1.1 BUFG Insertion | Checksum: 136db1805

Time (s): cpu = 00:00:03 ; elapsed = 00:00:02 . Memory (MB): peak = 1450.117 ; gain = 6.168
INFO: [Place 30-746] Post Placement Timing Summary WNS=5.966. For the most accurate timing information please run report_timing.
Phase 4.1.1 Post Placement Optimization | Checksum: 1f28422d8

Time (s): cpu = 00:00:03 ; elapsed = 00:00:02 . Memory (MB): peak = 1450.117 ; gain = 6.168
Phase 4.1 Post Commit Optimization | Checksum: 1f28422d8

Time (s): cpu = 00:00:03 ; elapsed = 00:00:02 . Memory (MB): peak = 1450.117 ; gain = 6.168

Phase 4.2 Post Placement Cleanup
Phase 4.2 Post Placement Cleanup | Checksum: 1f28422d8

Time (s): cpu = 00:00:03 ; elapsed = 00:00:02 . Memory (MB): peak = 1450.117 ; gain = 6.168

Phase 4.3 Placer Reporting
Phase 4.3 Placer Reporting | Checksum: 1f28422d8

Time (s): cpu = 00:00:03 ; elapsed = 00:00:02 . Memory (MB): peak = 1450.117 ; gain = 6.168

Phase 4.4 Final Placement Cleanup
Netlist sorting complete. Time (s): cpu = 00:00:00 ; elapsed = 00:00:00 . Memory (MB): peak = 1450.117 ; gain = 0.000
Phase 4.4 Final Placement Cleanup | Checksum: 2947a02be

Time (s): cpu = 00:00:03 ; elapsed = 00:00:02 . Memory (MB): peak = 1450.117 ; gain = 6.168
Phase 4 Post Placement Optimization and Clean-Up | Checksum: 2947a02be

Time (s): cpu = 00:00:03 ; elapsed = 00:00:02 . Memory (MB): peak = 1450.117 ; gain = 6.168
Ending Placer Task | Checksum: 19d805b99

Time (s): cpu = 00:00:03 ; elapsed = 00:00:02 . Memory (MB): peak = 1450.117 ; gain = 6.168
INFO: [Common 17-83] Releasing license: Implementation
59 Infos, 1 Warnings, 1 Critical Warnings and 0 Errors encountered.
place_design completed successfully
INFO: [Timing 38-480] Writing timing data to binary archive.
Writing placer database...
Writing XDEF routing.
Writing XDEF routing logical nets.
Writing XDEF routing special nets.
Write XDEF Complete: Time (s): cpu = 00:00:00 ; elapsed = 00:00:00.054 . Memory (MB): peak = 1450.160 ; gain = 0.043
INFO: [Common 17-1381] The checkpoint 'C:/Users/23945/Documents/AlchitryProjects/MiniHardwareProject/work/vivado/MiniHardwareProject/MiniHardwareProject.runs/impl_1/au_top_0_placed.dcp' has been generated.
INFO: [runtcl-4] Executing : report_io -file au_top_0_io_placed.rpt
report_io: Time (s): cpu = 00:00:00 ; elapsed = 00:00:00.059 . Memory (MB): peak = 1450.160 ; gain = 0.000
INFO: [runtcl-4] Executing : report_utilization -file au_top_0_utilization_placed.rpt -pb au_top_0_utilization_placed.pb
INFO: [runtcl-4] Executing : report_control_sets -verbose -file au_top_0_control_sets_placed.rpt
report_control_sets: Time (s): cpu = 00:00:00 ; elapsed = 00:00:00.005 . Memory (MB): peak = 1450.160 ; gain = 0.000
Command: phys_opt_design
Attempting to get a license for feature 'Implementation' and/or device 'xc7a35t'
INFO: [Common 17-349] Got license for feature 'Implementation' and/or device 'xc7a35t'
INFO: [Vivado_Tcl 4-383] Design worst setup slack (WNS) is greater than or equal to 0.000 ns. Skipping all physical synthesis optimizations.
INFO: [Vivado_Tcl 4-232] No setup violation found. The netlist was not modified.
INFO: [Common 17-83] Releasing license: Implementation
68 Infos, 1 Warnings, 1 Critical Warnings and 0 Errors encountered.
phys_opt_design completed successfully
INFO: [Timing 38-480] Writing timing data to binary archive.
Writing placer database...
Writing XDEF routing.
Writing XDEF routing logical nets.
Writing XDEF routing special nets.
Write XDEF Complete: Time (s): cpu = 00:00:00 ; elapsed = 00:00:00.050 . Memory (MB): peak = 1480.438 ; gain = 17.832
INFO: [Common 17-1381] The checkpoint 'C:/Users/23945/Documents/AlchitryProjects/MiniHardwareProject/work/vivado/MiniHardwareProject/MiniHardwareProject.runs/impl_1/au_top_0_physopt.dcp' has been generated.
Command: route_design
Attempting to get a license for feature 'Implementation' and/or device 'xc7a35t'
INFO: [Common 17-349] Got license for feature 'Implementation' and/or device 'xc7a35t'
Running DRC as a precondition to command route_design
INFO: [DRC 23-27] Running DRC with 2 threads
WARNING: [DRC PLIO-3] Placement Constraints Check for IO constraints: Partially locked IO Bus is found. Following components of the IO Bus io_button[4:0] are not locked:  io_button[4]
INFO: [Vivado_Tcl 4-198] DRC finished with 0 Errors, 1 Warnings
INFO: [Vivado_Tcl 4-199] Please refer to the DRC report (report_drc) for more information.


Starting Routing Task
INFO: [Route 35-254] Multithreading enabled for route_design using a maximum of 2 CPUs
Checksum: PlaceDB: aa9ca575 ConstDB: 0 ShapeSum: f2e3b624 RouteDB: 0

Phase 1 Build RT Design
Phase 1 Build RT Design | Checksum: 85aba2ef

Time (s): cpu = 00:00:18 ; elapsed = 00:00:16 . Memory (MB): peak = 1565.492 ; gain = 73.949
Post Restoration Checksum: NetGraph: 3b9261ad NumContArr: 4a194142 Constraints: 0 Timing: 0

Phase 2 Router Initialization

Phase 2.1 Create Timer
Phase 2.1 Create Timer | Checksum: 85aba2ef

Time (s): cpu = 00:00:18 ; elapsed = 00:00:16 . Memory (MB): peak = 1565.492 ; gain = 73.949

Phase 2.2 Fix Topology Constraints
Phase 2.2 Fix Topology Constraints | Checksum: 85aba2ef

Time (s): cpu = 00:00:18 ; elapsed = 00:00:16 . Memory (MB): peak = 1571.508 ; gain = 79.965

Phase 2.3 Pre Route Cleanup
Phase 2.3 Pre Route Cleanup | Checksum: 85aba2ef

Time (s): cpu = 00:00:18 ; elapsed = 00:00:16 . Memory (MB): peak = 1571.508 ; gain = 79.965
 Number of Nodes with overlaps = 0

Phase 2.4 Update Timing
Phase 2.4 Update Timing | Checksum: 1b9a3fe3a

Time (s): cpu = 00:00:18 ; elapsed = 00:00:16 . Memory (MB): peak = 1576.277 ; gain = 84.734
INFO: [Route 35-416] Intermediate Timing Summary | WNS=5.892  | TNS=0.000  | WHS=-0.067 | THS=-0.500 |

Phase 2 Router Initialization | Checksum: 1e9fc2061

Time (s): cpu = 00:00:18 ; elapsed = 00:00:16 . Memory (MB): peak = 1576.277 ; gain = 84.734

Router Utilization Summary
  Global Vertical Routing Utilization    = 0 %
  Global Horizontal Routing Utilization  = 0 %
  Routable Net Status*
  *Does not include unroutable nets such as driverless and loadless.
  Run report_route_status for detailed report.
  Number of Failed Nets               = 162
    (Failed Nets is the sum of unrouted and partially routed nets)
  Number of Unrouted Nets             = 162
  Number of Partially Routed Nets     = 0
  Number of Node Overlaps             = 0


Phase 3 Initial Routing
Phase 3 Initial Routing | Checksum: 1a24d9b2b

Time (s): cpu = 00:00:18 ; elapsed = 00:00:16 . Memory (MB): peak = 1577.328 ; gain = 85.785

Phase 4 Rip-up And Reroute

Phase 4.1 Global Iteration 0
 Number of Nodes with overlaps = 7
 Number of Nodes with overlaps = 0
INFO: [Route 35-416] Intermediate Timing Summary | WNS=6.183  | TNS=0.000  | WHS=N/A    | THS=N/A    |

Phase 4.1 Global Iteration 0 | Checksum: 1cacba42a

Time (s): cpu = 00:00:19 ; elapsed = 00:00:17 . Memory (MB): peak = 1577.328 ; gain = 85.785
Phase 4 Rip-up And Reroute | Checksum: 1cacba42a

Time (s): cpu = 00:00:19 ; elapsed = 00:00:17 . Memory (MB): peak = 1577.328 ; gain = 85.785

Phase 5 Delay and Skew Optimization

Phase 5.1 Delay CleanUp
Phase 5.1 Delay CleanUp | Checksum: 1cacba42a

Time (s): cpu = 00:00:19 ; elapsed = 00:00:17 . Memory (MB): peak = 1577.328 ; gain = 85.785

Phase 5.2 Clock Skew Optimization
Phase 5.2 Clock Skew Optimization | Checksum: 1cacba42a

Time (s): cpu = 00:00:19 ; elapsed = 00:00:17 . Memory (MB): peak = 1577.328 ; gain = 85.785
Phase 5 Delay and Skew Optimization | Checksum: 1cacba42a

Time (s): cpu = 00:00:19 ; elapsed = 00:00:17 . Memory (MB): peak = 1577.328 ; gain = 85.785

Phase 6 Post Hold Fix

Phase 6.1 Hold Fix Iter

Phase 6.1.1 Update Timing
Phase 6.1.1 Update Timing | Checksum: 19593f27d

Time (s): cpu = 00:00:19 ; elapsed = 00:00:17 . Memory (MB): peak = 1577.328 ; gain = 85.785
INFO: [Route 35-416] Intermediate Timing Summary | WNS=6.277  | TNS=0.000  | WHS=0.239  | THS=0.000  |

Phase 6.1 Hold Fix Iter | Checksum: 19593f27d

Time (s): cpu = 00:00:19 ; elapsed = 00:00:17 . Memory (MB): peak = 1577.328 ; gain = 85.785
Phase 6 Post Hold Fix | Checksum: 19593f27d

Time (s): cpu = 00:00:19 ; elapsed = 00:00:17 . Memory (MB): peak = 1577.328 ; gain = 85.785

Phase 7 Route finalize

Router Utilization Summary
  Global Vertical Routing Utilization    = 0.0449653 %
  Global Horizontal Routing Utilization  = 0.056481 %
  Routable Net Status*
  *Does not include unroutable nets such as driverless and loadless.
  Run report_route_status for detailed report.
  Number of Failed Nets               = 0
    (Failed Nets is the sum of unrouted and partially routed nets)
  Number of Unrouted Nets             = 0
  Number of Partially Routed Nets     = 0
  Number of Node Overlaps             = 0

Phase 7 Route finalize | Checksum: 23061b17b

Time (s): cpu = 00:00:19 ; elapsed = 00:00:17 . Memory (MB): peak = 1577.328 ; gain = 85.785

Phase 8 Verifying routed nets

 Verification completed successfully
Phase 8 Verifying routed nets | Checksum: 23061b17b

Time (s): cpu = 00:00:19 ; elapsed = 00:00:17 . Memory (MB): peak = 1579.395 ; gain = 87.852

Phase 9 Depositing Routes
Phase 9 Depositing Routes | Checksum: 206ef00bb

Time (s): cpu = 00:00:19 ; elapsed = 00:00:17 . Memory (MB): peak = 1579.395 ; gain = 87.852

Phase 10 Post Router Timing
INFO: [Route 35-57] Estimated Timing Summary | WNS=6.277  | TNS=0.000  | WHS=0.239  | THS=0.000  |

INFO: [Route 35-327] The final timing numbers are based on the router estimated timing analysis. For a complete and accurate timing signoff, please run report_timing_summary.
Phase 10 Post Router Timing | Checksum: 206ef00bb

Time (s): cpu = 00:00:19 ; elapsed = 00:00:17 . Memory (MB): peak = 1579.395 ; gain = 87.852
INFO: [Route 35-16] Router Completed Successfully

Time (s): cpu = 00:00:19 ; elapsed = 00:00:17 . Memory (MB): peak = 1579.395 ; gain = 87.852

Routing Is Done.
INFO: [Common 17-83] Releasing license: Implementation
82 Infos, 2 Warnings, 1 Critical Warnings and 0 Errors encountered.
route_design completed successfully
route_design: Time (s): cpu = 00:00:21 ; elapsed = 00:00:17 . Memory (MB): peak = 1579.395 ; gain = 98.957
INFO: [Timing 38-480] Writing timing data to binary archive.
Writing placer database...
Writing XDEF routing.
Writing XDEF routing logical nets.
Writing XDEF routing special nets.
Write XDEF Complete: Time (s): cpu = 00:00:00 ; elapsed = 00:00:00.066 . Memory (MB): peak = 1589.230 ; gain = 9.836
INFO: [Common 17-1381] The checkpoint 'C:/Users/23945/Documents/AlchitryProjects/MiniHardwareProject/work/vivado/MiniHardwareProject/MiniHardwareProject.runs/impl_1/au_top_0_routed.dcp' has been generated.
INFO: [runtcl-4] Executing : report_drc -file au_top_0_drc_routed.rpt -pb au_top_0_drc_routed.pb -rpx au_top_0_drc_routed.rpx
Command: report_drc -file au_top_0_drc_routed.rpt -pb au_top_0_drc_routed.pb -rpx au_top_0_drc_routed.rpx
INFO: [IP_Flow 19-1839] IP Catalog is up to date.
INFO: [DRC 23-27] Running DRC with 2 threads
INFO: [Coretcl 2-168] The results of DRC are in file C:/Users/23945/Documents/AlchitryProjects/MiniHardwareProject/work/vivado/MiniHardwareProject/MiniHardwareProject.runs/impl_1/au_top_0_drc_routed.rpt.
report_drc completed successfully
INFO: [runtcl-4] Executing : report_methodology -file au_top_0_methodology_drc_routed.rpt -pb au_top_0_methodology_drc_routed.pb -rpx au_top_0_methodology_drc_routed.rpx
Command: report_methodology -file au_top_0_methodology_drc_routed.rpt -pb au_top_0_methodology_drc_routed.pb -rpx au_top_0_methodology_drc_routed.rpx
INFO: [Timing 38-35] Done setting XDC timing constraints.
INFO: [DRC 23-133] Running Methodology with 2 threads
INFO: [Coretcl 2-1520] The results of Report Methodology are in file C:/Users/23945/Documents/AlchitryProjects/MiniHardwareProject/work/vivado/MiniHardwareProject/MiniHardwareProject.runs/impl_1/au_top_0_methodology_drc_routed.rpt.
report_methodology completed successfully
INFO: [runtcl-4] Executing : report_power -file au_top_0_power_routed.rpt -pb au_top_0_power_summary_routed.pb -rpx au_top_0_power_routed.rpx
Command: report_power -file au_top_0_power_routed.rpt -pb au_top_0_power_summary_routed.pb -rpx au_top_0_power_routed.rpx
INFO: [Timing 38-35] Done setting XDC timing constraints.
Running Vector-less Activity Propagation...

Finished Running Vector-less Activity Propagation
94 Infos, 2 Warnings, 1 Critical Warnings and 0 Errors encountered.
report_power completed successfully
INFO: [runtcl-4] Executing : report_route_status -file au_top_0_route_status.rpt -pb au_top_0_route_status.pb
INFO: [runtcl-4] Executing : report_timing_summary -max_paths 10 -file au_top_0_timing_summary_routed.rpt -pb au_top_0_timing_summary_routed.pb -rpx au_top_0_timing_summary_routed.rpx -warn_on_violation 
INFO: [Timing 38-91] UpdateTimingParams: Speed grade: -1, Delay Type: min_max.
INFO: [Timing 38-191] Multithreading enabled for timing update using a maximum of 2 CPUs
INFO: [runtcl-4] Executing : report_incremental_reuse -file au_top_0_incremental_reuse_routed.rpt
INFO: [Vivado_Tcl 4-1062] Incremental flow is disabled. No incremental reuse Info to report.
INFO: [runtcl-4] Executing : report_clock_utilization -file au_top_0_clock_utilization_routed.rpt
INFO: [runtcl-4] Executing : report_bus_skew -warn_on_violation -file au_top_0_bus_skew_routed.rpt -pb au_top_0_bus_skew_routed.pb -rpx au_top_0_bus_skew_routed.rpx
INFO: [Timing 38-91] UpdateTimingParams: Speed grade: -1, Delay Type: min_max.
INFO: [Timing 38-191] Multithreading enabled for timing update using a maximum of 2 CPUs
Command: write_bitstream -force au_top_0.bit -bin_file
Attempting to get a license for feature 'Implementation' and/or device 'xc7a35t'
INFO: [Common 17-349] Got license for feature 'Implementation' and/or device 'xc7a35t'
Running DRC as a precondition to command write_bitstream
INFO: [IP_Flow 19-1839] IP Catalog is up to date.
INFO: [DRC 23-27] Running DRC with 2 threads
INFO: [Vivado 12-3199] DRC finished with 0 Errors
INFO: [Vivado 12-3200] Please refer to the DRC report (report_drc) for more information.
INFO: [Designutils 20-2272] Running write_bitstream with 2 threads.
Loading data files...
Loading site data...
Loading route data...
Processing options...
Creating bitmap...
Creating bitstream...
Bitstream compression saved 14910304 bits.
Writing bitstream ./au_top_0.bit...
Writing bitstream ./au_top_0.bin...
INFO: [Vivado 12-1842] Bitgen Completed Successfully.
INFO: [Project 1-120] WebTalk data collection is mandatory when using a WebPACK part without a full Vivado license. To see the specific WebTalk data collected for your design, open the usage_statistics_webtalk.html or usage_statistics_webtalk.xml file in the implementation directory.
INFO: [Common 17-186] 'C:/Users/23945/Documents/AlchitryProjects/MiniHardwareProject/work/vivado/MiniHardwareProject/MiniHardwareProject.runs/impl_1/usage_statistics_webtalk.xml' has been successfully sent to Xilinx on Tue Oct  6 08:13:25 2020. For additional details about this file, please refer to the WebTalk help file at C:/Xilinx/Vivado/2020.1/doc/webtalk_introduction.html.
INFO: [Common 17-83] Releasing license: Implementation
114 Infos, 2 Warnings, 1 Critical Warnings and 0 Errors encountered.
write_bitstream completed successfully
write_bitstream: Time (s): cpu = 00:00:12 ; elapsed = 00:00:14 . Memory (MB): peak = 2028.281 ; gain = 406.102
INFO: [Common 17-206] Exiting Vivado at Tue Oct  6 08:13:25 2020...
[Tue Oct  6 08:13:26 2020] impl_1 finished
wait_on_run: Time (s): cpu = 00:00:00 ; elapsed = 00:01:11 . Memory (MB): peak = 1012.836 ; gain = 0.000
INFO: [Common 17-206] Exiting Vivado at Tue Oct  6 08:13:26 2020...

Finished building project.
